<?xml version="1.0" encoding="UTF-8"?>
<testng-results ignored="0" total="1" passed="1" failed="0" skipped="0">
  <reporter-output>
  </reporter-output>
  <suite started-at="2024-10-05T17:23:50 IST" name="Default suite" finished-at="2024-10-05T17:24:05 IST" duration-ms="14931">
    <groups>
      <group name="cucumber">
        <method signature="AbstractTestNGCucumberTests.runScenario(io.cucumber.testng.PickleWrapper,io.cucumber.testng.FeatureWrapper)[pri:0, instance:runner.TestRunner@4efac082]" name="runScenario" class="io.cucumber.testng.AbstractTestNGCucumberTests"/>
      </group> <!-- cucumber -->
    </groups>
    <test started-at="2024-10-05T17:23:50 IST" name="Default test" finished-at="2024-10-05T17:24:05 IST" duration-ms="14931">
      <class name="runner.TestRunner">
        <test-method is-config="true" signature="setUp()[pri:0, instance:runner.TestRunner@4efac082]" started-at="2024-10-05T17:23:50 IST" name="setUp" finished-at="2024-10-05T17:23:50 IST" duration-ms="393" status="PASS">
          <reporter-output>
          </reporter-output>
        </test-method> <!-- setUp -->
        <test-method is-config="true" signature="setUpClass(org.testng.ITestContext)[pri:0, instance:runner.TestRunner@4efac082]" started-at="2024-10-05T17:23:50 IST" name="setUpClass" finished-at="2024-10-05T17:23:51 IST" duration-ms="668" status="PASS">
          <params>
            <param index="0">
              <value>
                <![CDATA[org.testng.TestRunner@257f30f7]]>
              </value>
            </param>
          </params>
          <reporter-output>
          </reporter-output>
        </test-method> <!-- setUpClass -->
        <test-method signature="runScenario(io.cucumber.testng.PickleWrapper,io.cucumber.testng.FeatureWrapper)[pri:0, instance:runner.TestRunner@4efac082]" started-at="2024-10-05T17:23:51 IST" name="runScenario" description="Runs Cucumber Scenarios" data-provider="scenarios" finished-at="2024-10-05T17:24:03 IST" duration-ms="12068" status="PASS">
          <params>
            <param index="0">
              <value>
                <![CDATA["Verify landing screen functionality is working"]]>
              </value>
            </param>
            <param index="1">
              <value>
                <![CDATA["Optional[Landling screen functionality]"]]>
              </value>
            </param>
          </params>
          <reporter-output>
          </reporter-output>
        </test-method> <!-- runScenario -->
        <test-method is-config="true" signature="tearDownClass()[pri:0, instance:runner.TestRunner@4efac082]" started-at="2024-10-05T17:24:03 IST" name="tearDownClass" finished-at="2024-10-05T17:24:05 IST" duration-ms="2132" status="PASS">
          <reporter-output>
          </reporter-output>
        </test-method> <!-- tearDownClass -->
        <test-method is-config="true" signature="tearDown()[pri:0, instance:runner.TestRunner@4efac082]" started-at="2024-10-05T17:24:10 IST" name="tearDown" finished-at="2024-10-05T17:24:22 IST" duration-ms="12131" status="PASS">
          <reporter-output>
          </reporter-output>
        </test-method> <!-- tearDown -->
      </class> <!-- runner.TestRunner -->
    </test> <!-- Default test -->
  </suite> <!-- Default suite -->
</testng-results>
